<?xml version="1.0" encoding="UTF-8"?>
<!-- Generated by org.testng.reporters.JUnitReportReporter -->
<testsuite hostname="icliniq-n2-pc" failures="0" tests="1" name="handson.JJ" time="16.399" errors="0" timestamp="2022-09-29T17:43:37 IST" skipped="0">
  <testcase classname="handson.JJ" name="jj" time="16.399"/>
  <system-out/>
</testsuite> <!-- handson.JJ -->
