<?xml version="1.0" encoding="UTF-8"?>
<!-- Generated by org.testng.reporters.JUnitReportReporter -->
<testsuite hostname="icliniq-n2-pc" failures="0" tests="5" name="handson.testngdemo" time="0.019" errors="0" timestamp="2022-09-29T17:43:37 IST" skipped="0">
  <testcase classname="handson.testngdemo" name="WinnerWinnerChickenDinner" time="0.008"/>
  <system-out/>
  <testcase classname="handson.testngdemo" name="Killtheenemy" time="0.001"/>
  <system-out/>
  <testcase classname="handson.testngdemo" name="Getthegun" time="0.001"/>
  <system-out/>
  <testcase classname="handson.testngdemo" name="Dropatpocinki" time="0.005"/>
  <system-out/>
  <testcase classname="handson.testngdemo" name="Enterthearena" time="0.004"/>
  <system-out/>
</testsuite> <!-- handson.testngdemo -->
