<?xml version="1.0" encoding="UTF-8"?>
<!-- Generated by org.testng.reporters.JUnitReportReporter -->
<testsuite hostname="icliniq-n2-pc" failures="0" tests="1" name="handson.alerts" time="23.350" errors="0" timestamp="2022-09-29T17:43:37 IST" skipped="0">
  <testcase classname="handson.alerts" name="alert" time="23.350"/>
  <system-out/>
</testsuite> <!-- handson.alerts -->
